d:\vs2017project\discretemathematicsexcrise\discretemathematicsexcrise\debug\vc141.pdb
d:\vs2017project\discretemathematicsexcrise\discretemathematicsexcrise\debug\vc141.idb
d:\vs2017project\discretemathematicsexcrise\discretemathematicsexcrise\debug\discretemathematicsexcrise.obj
d:\vs2017project\discretemathematicsexcrise\discretemathematicsexcrise\debug\discretechapter3.obj
d:\vs2017project\discretemathematicsexcrise\discretemathematicsexcrise\debug\discretechapter1.obj
d:\vs2017project\discretemathematicsexcrise\discretemathematicsexcrise\debug\commomutils.obj
d:\discretemathematics\discretemathematicsexcrise\discretemathematicsexcrise\debug\vc141.pdb
d:\discretemathematics\discretemathematicsexcrise\discretemathematicsexcrise\debug\vc141.idb
d:\discretemathematics\discretemathematicsexcrise\discretemathematicsexcrise\debug\discretemathematicsexcrise.obj
d:\discretemathematics\discretemathematicsexcrise\discretemathematicsexcrise\debug\discretechapter3.obj
d:\discretemathematics\discretemathematicsexcrise\discretemathematicsexcrise\debug\discretechapter1.obj
d:\discretemathematics\discretemathematicsexcrise\discretemathematicsexcrise\debug\commomutils.obj
d:\discretemathematics\discretemathematicsexcrise\discretemathematicsexcrise\debug\discretechapter2.obj
d:\vs2017project\discretemathematicsexcrise\debug\discretemathematicsexcrise.exe
d:\vs2017project\discretemathematicsexcrise\debug\discretemathematicsexcrise.ilk
d:\vs2017project\discretemathematicsexcrise\debug\discretemathematicsexcrise.pdb
d:\discretemathematics\discretemathematicsexcrise\debug\discretemathematicsexcrise.exe
d:\discretemathematics\discretemathematicsexcrise\debug\discretemathematicsexcrise.ilk
d:\discretemathematics\discretemathematicsexcrise\debug\discretemathematicsexcrise.pdb
d:\discretemathematics\discretemathematicsexcrise\discretemathematicsexcrise\debug\discrete.8672a299.tlog\cl.command.1.tlog
d:\discretemathematics\discretemathematicsexcrise\discretemathematicsexcrise\debug\discrete.8672a299.tlog\cl.read.1.tlog
d:\discretemathematics\discretemathematicsexcrise\discretemathematicsexcrise\debug\discrete.8672a299.tlog\cl.write.1.tlog
d:\discretemathematics\discretemathematicsexcrise\discretemathematicsexcrise\debug\discrete.8672a299.tlog\link.command.1.tlog
d:\discretemathematics\discretemathematicsexcrise\discretemathematicsexcrise\debug\discrete.8672a299.tlog\link.read.1.tlog
d:\discretemathematics\discretemathematicsexcrise\discretemathematicsexcrise\debug\discrete.8672a299.tlog\link.write.1.tlog
